-------------------------------------------------------------------------------
Test set: com.amica.help.HelpDeskTest
-------------------------------------------------------------------------------
Tests run: 1, Failures: 0, Errors: 1, Skipped: 0, Time elapsed: 0.024 s <<< FAILURE! - in com.amica.help.HelpDeskTest
createTicketTest  Time elapsed: 0.018 s  <<< ERROR!
java.lang.IllegalStateException: No technicians available yet.
	at com.amica.help.HelpDeskTest.createTicket1(HelpDeskTest.java:92)
	at com.amica.help.HelpDeskTest.createTicketTest(HelpDeskTest.java:101)

