<?xml version="1.0" encoding="UTF-8"?>
<testsuite xmlns:xsi="http://www.w3.org/2001/XMLSchema-instance" xsi:noNamespaceSchemaLocation="https://maven.apache.org/surefire/maven-surefire-plugin/xsd/surefire-test-report.xsd" name="com.amica.help.HelpDeskTest" time="0.024" tests="1" errors="1" skipped="0" failures="0">
  <properties>
[...]
</properties>
  <testcase name="createTicketTest" classname="com.amica.help.HelpDeskTest" time="0.018">
    <error message="No technicians available yet." type="java.lang.IllegalStateException">java.lang.IllegalStateException: No technicians available yet.
	at com.amica.help.HelpDeskTest.createTicket1(HelpDeskTest.java:92)
	at com.amica.help.HelpDeskTest.createTicketTest(HelpDeskTest.java:101)
</error>
  </testcase>
</testsuite>